This is pdfTeX, Version 3.141592653-2.6-1.40.24 (TeX Live 2022) (preloaded format=pdflatex 2022.9.23)  9 NOV 2022 18:29
entering extended mode
 \write18 enabled.
 %&-line parsing enabled.
**40-research.tex
(./40-research.tex
LaTeX2e <2022-06-01> patch level 5
L3 programming layer <2022-08-30>
! Undefined control sequence.
l.1 \chapter
            {–ò—Å—Å–ª–µ–¥–æ–≤–∞—Ç–µ–ª—å—Å–∫–∞—è —á–∞—Å—Ç—å}
The control sequence at the end of the top line
of your error message was never \def'ed. If you have
misspelled it (e.g., `\hobx'), type `I' and the correct
spelling (e.g., `I\hbox'). Otherwise just continue,
and I'll forget about whatever was undefined.


! LaTeX Error: Unicode character –ò (U+0418)
               not set up for use with LaTeX.

See the LaTeX manual or LaTeX Companion for explanation.
Type  H <return>  for immediate help.
 ...                                              
                                                  
l.1 \chapter{–ò
               —Å—Å–ª–µ–¥–æ–≤–∞—Ç–µ–ª—å—Å–∫–∞—è —á–∞—Å—Ç—å}
You may provide a definition with
\DeclareUnicodeCharacter 


! LaTeX Error: Unicode character —Å (U+0441)
               not set up for use with LaTeX.

See the LaTeX manual or LaTeX Companion for explanation.
Type  H <return>  for immediate help.
 ...                                              
                                                  
l.1 \chapter{–ò—Å
                 —Å–ª–µ–¥–æ–≤–∞—Ç–µ–ª—å—Å–∫–∞—è —á–∞—Å—Ç—å}
You may provide a definition with
\DeclareUnicodeCharacter 


! LaTeX Error: Unicode character —Å (U+0441)
               not set up for use with LaTeX.

See the LaTeX manual or LaTeX Companion for explanation.
Type  H <return>  for immediate help.
 ...                                              
                                                  
l.1 \chapter{–ò—Å—Å
                   –ª–µ–¥–æ–≤–∞—Ç–µ–ª—å—Å–∫–∞—è —á–∞—Å—Ç—å}
You may provide a definition with
\DeclareUnicodeCharacter 


! LaTeX Error: Unicode character –ª (U+043B)
               not set up for use with LaTeX.

See the LaTeX manual or LaTeX Companion for explanation.
Type  H <return>  for immediate help.
 ...                                              
                                                  
l.1 \chapter{–ò—Å—Å–ª
                     –µ–¥–æ–≤–∞—Ç–µ–ª—å—Å–∫–∞—è —á–∞—Å—Ç—å}
You may provide a definition with
\DeclareUnicodeCharacter 


! LaTeX Error: Unicode character –µ (U+0435)
               not set up for use with LaTeX.

See the LaTeX manual or LaTeX Companion for explanation.
Type  H <return>  for immediate help.
 ...                                              
                                                  
l.1 \chapter{–ò—Å—Å–ª–µ
                       –¥–æ–≤–∞—Ç–µ–ª—å—Å–∫–∞—è —á–∞—Å—Ç—å}
You may provide a definition with
\DeclareUnicodeCharacter 


! LaTeX Error: Unicode character –¥ (U+0434)
               not set up for use with LaTeX.

See the LaTeX manual or LaTeX Companion for explanation.
Type  H <return>  for immediate help.
 ...                                              
                                                  
l.1 \chapter{–ò—Å—Å–ª–µ–¥
                         –æ–≤–∞—Ç–µ–ª—å—Å–∫–∞—è —á–∞—Å—Ç—å}
You may provide a definition with
\DeclareUnicodeCharacter 


! LaTeX Error: Unicode character –æ (U+043E)
               not set up for use with LaTeX.

See the LaTeX manual or LaTeX Companion for explanation.
Type  H <return>  for immediate help.
 ...                                              
                                                  
l.1 \chapter{–ò—Å—Å–ª–µ–¥–æ
                           –≤–∞—Ç–µ–ª—å—Å–∫–∞—è —á–∞—Å—Ç—å}
You may provide a definition with
\DeclareUnicodeCharacter 


! LaTeX Error: Unicode character –≤ (U+0432)
               not set up for use with LaTeX.

See the LaTeX manual or LaTeX Companion for explanation.
Type  H <return>  for immediate help.
 ...                                              
                                                  
l.1 \chapter{–ò—Å—Å–ª–µ–¥–æ–≤
                             –∞—Ç–µ–ª—å—Å–∫–∞—è —á–∞—Å—Ç—å}
You may provide a definition with
\DeclareUnicodeCharacter 


! LaTeX Error: Unicode character –∞ (U+0430)
               not set up for use with LaTeX.

See the LaTeX manual or LaTeX Companion for explanation.
Type  H <return>  for immediate help.
 ...                                              
                                                  
l.1 \chapter{–ò—Å—Å–ª–µ–¥–æ–≤–∞
                               —Ç–µ–ª—å—Å–∫–∞—è —á–∞—Å—Ç—å}
You may provide a definition with
\DeclareUnicodeCharacter 


! LaTeX Error: Unicode character —Ç (U+0442)
               not set up for use with LaTeX.

See the LaTeX manual or LaTeX Companion for explanation.
Type  H <return>  for immediate help.
 ...                                              
                                                  
l.1 \chapter{–ò—Å—Å–ª–µ–¥–æ–≤–∞—Ç
                                 –µ–ª—å—Å–∫–∞—è —á–∞—Å—Ç—å}
You may provide a definition with
\DeclareUnicodeCharacter 


! LaTeX Error: Unicode character –µ (U+0435)
               not set up for use with LaTeX.

See the LaTeX manual or LaTeX Companion for explanation.
Type  H <return>  for immediate help.
 ...                                              
                                                  
l.1 \chapter{–ò—Å—Å–ª–µ–¥–æ–≤–∞—Ç–µ
                                   –ª—å—Å–∫–∞—è —á–∞—Å—Ç—å}
You may provide a definition with
\DeclareUnicodeCharacter 


! LaTeX Error: Unicode character –ª (U+043B)
               not set up for use with LaTeX.

See the LaTeX manual or LaTeX Companion for explanation.
Type  H <return>  for immediate help.
 ...                                              
                                                  
l.1 \chapter{–ò—Å—Å–ª–µ–¥–æ–≤–∞—Ç–µ–ª
                                     —å—Å–∫–∞—è —á–∞—Å—Ç—å}
You may provide a definition with
\DeclareUnicodeCharacter 


! LaTeX Error: Unicode character —å (U+044C)
               not set up for use with LaTeX.

See the LaTeX manual or LaTeX Companion for explanation.
Type  H <return>  for immediate help.
 ...                                              
                                                  
l.1 \chapter{–ò—Å—Å–ª–µ–¥–æ–≤–∞—Ç–µ–ª—å
                                       —Å–∫–∞—è —á–∞—Å—Ç—å}
You may provide a definition with
\DeclareUnicodeCharacter 


! LaTeX Error: Unicode character —Å (U+0441)
               not set up for use with LaTeX.

See the LaTeX manual or LaTeX Companion for explanation.
Type  H <return>  for immediate help.
 ...                                              
                                                  
l.1 \chapter{–ò—Å—Å–ª–µ–¥–æ–≤–∞—Ç–µ–ª—å—Å
                                         –∫–∞—è —á–∞—Å—Ç—å}
You may provide a definition with
\DeclareUnicodeCharacter 


! LaTeX Error: Unicode character –∫ (U+043A)
               not set up for use with LaTeX.

See the LaTeX manual or LaTeX Companion for explanation.
Type  H <return>  for immediate help.
 ...                                              
                                                  
l.1 \chapter{–ò—Å—Å–ª–µ–¥–æ–≤–∞—Ç–µ–ª—å—Å–∫
                                           –∞—è —á–∞—Å—Ç—å}
You may provide a definition with
\DeclareUnicodeCharacter 


! LaTeX Error: Unicode character –∞ (U+0430)
               not set up for use with LaTeX.

See the LaTeX manual or LaTeX Companion for explanation.
Type  H <return>  for immediate help.
 ...                                              
                                                  
l.1 \chapter{–ò—Å—Å–ª–µ–¥–æ–≤–∞—Ç–µ–ª—å—Å–∫–∞
                                             —è —á–∞—Å—Ç—å}
You may provide a definition with
\DeclareUnicodeCharacter 


! LaTeX Error: Unicode character —è (U+044F)
               not set up for use with LaTeX.

See the LaTeX manual or LaTeX Companion for explanation.
Type  H <return>  for immediate help.
 ...                                              
                                                  
l.1 \chapter{–ò—Å—Å–ª–µ–¥–æ–≤–∞—Ç–µ–ª—å—Å–∫–∞—è
                                                —á–∞—Å—Ç—å}
You may provide a definition with
\DeclareUnicodeCharacter 


! LaTeX Error: Unicode character —á (U+0447)
               not set up for use with LaTeX.

See the LaTeX manual or LaTeX Companion for explanation.
Type  H <return>  for immediate help.
 ...                                              
                                                  
l.1 \chapter{–ò—Å—Å–ª–µ–¥–æ–≤–∞—Ç–µ–ª—å—Å–∫–∞—è —á
                                                  –∞—Å—Ç—å}
You may provide a definition with
\DeclareUnicodeCharacter 


! LaTeX Error: Unicode character –∞ (U+0430)
               not set up for use with LaTeX.

See the LaTeX manual or LaTeX Companion for explanation.
Type  H <return>  for immediate help.
 ...                                              
                                                  
l.1 ...ter{–ò—Å—Å–ª–µ–¥–æ–≤–∞—Ç–µ–ª—å—Å–∫–∞—è —á–∞
                                                  —Å—Ç—å}
You may provide a definition with
\DeclareUnicodeCharacter 


! LaTeX Error: Unicode character —Å (U+0441)
               not set up for use with LaTeX.

See the LaTeX manual or LaTeX Companion for explanation.
Type  H <return>  for immediate help.
 ...                                              
                                                  
l.1 ...r{–ò—Å—Å–ª–µ–¥–æ–≤–∞—Ç–µ–ª—å—Å–∫–∞—è —á–∞—Å
                                                  —Ç—å}
You may provide a definition with
\DeclareUnicodeCharacter 


! LaTeX Error: Unicode character —Ç (U+0442)
               not set up for use with LaTeX.

See the LaTeX manual or LaTeX Companion for explanation.
Type  H <return>  for immediate help.
 ...                                              
                                                  
l.1 ...–ò—Å—Å–ª–µ–¥–æ–≤–∞—Ç–µ–ª—å—Å–∫–∞—è —á–∞—Å—Ç
                                                  —å}
You may provide a definition with
\DeclareUnicodeCharacter 


! LaTeX Error: Unicode character —å (U+044C)
               not set up for use with LaTeX.

See the LaTeX manual or LaTeX Companion for explanation.
Type  H <return>  for immediate help.
 ...                                              
                                                  
l.1 ...—Å—Å–ª–µ–¥–æ–≤–∞—Ç–µ–ª—å—Å–∫–∞—è —á–∞—Å—Ç—å
                                                  }
You may provide a definition with
\DeclareUnicodeCharacter 


! LaTeX Error: Unicode character –í (U+0412)
               not set up for use with LaTeX.

See the LaTeX manual or LaTeX Companion for explanation.
Type  H <return>  for immediate help.
 ...                                              
                                                  
l.2 –í
       —Ç–µ–∫—É—â–µ–º —Ä–∞–∑–¥–µ–ª–µ –±—É–¥—É—Ç –ø—Ä–µ–¥—Å—Ç–∞–≤–ª–µ–Ω—ã –ø—...

You may provide a definition with
\DeclareUnicodeCharacter 


! LaTeX Error: Unicode character —Ç (U+0442)
               not set up for use with LaTeX.

See the LaTeX manual or LaTeX Companion for explanation.
Type  H <return>  for immediate help.
 ...                                              
                                                  
l.2 –í —Ç
         –µ–∫—É—â–µ–º —Ä–∞–∑–¥–µ–ª–µ –±—É–¥—É—Ç –ø—Ä–µ–¥—Å—Ç–∞–≤–ª–µ–Ω—ã –ø—...

You may provide a definition with
\DeclareUnicodeCharacter 


! LaTeX Error: Unicode character –µ (U+0435)
               not set up for use with LaTeX.

See the LaTeX manual or LaTeX Companion for explanation.
Type  H <return>  for immediate help.
 ...                                              
                                                  
l.2 –í —Ç–µ
           –∫—É—â–µ–º —Ä–∞–∑–¥–µ–ª–µ –±—É–¥—É—Ç –ø—Ä–µ–¥—Å—Ç–∞–≤–ª–µ–Ω—ã –ø—...

You may provide a definition with
\DeclareUnicodeCharacter 


! LaTeX Error: Unicode character –∫ (U+043A)
               not set up for use with LaTeX.

See the LaTeX manual or LaTeX Companion for explanation.
Type  H <return>  for immediate help.
 ...                                              
                                                  
l.2 –í —Ç–µ–∫
             —É—â–µ–º —Ä–∞–∑–¥–µ–ª–µ –±—É–¥—É—Ç –ø—Ä–µ–¥—Å—Ç–∞–≤–ª–µ–Ω—ã –ø—...

You may provide a definition with
\DeclareUnicodeCharacter 


! LaTeX Error: Unicode character —É (U+0443)
               not set up for use with LaTeX.

See the LaTeX manual or LaTeX Companion for explanation.
Type  H <return>  for immediate help.
 ...                                              
                                                  
l.2 –í —Ç–µ–∫—É
               —â–µ–º —Ä–∞–∑–¥–µ–ª–µ –±—É–¥—É—Ç –ø—Ä–µ–¥—Å—Ç–∞–≤–ª–µ–Ω—ã –ø—...

You may provide a definition with
\DeclareUnicodeCharacter 


! LaTeX Error: Unicode character —â (U+0449)
               not set up for use with LaTeX.

See the LaTeX manual or LaTeX Companion for explanation.
Type  H <return>  for immediate help.
 ...                                              
                                                  
l.2 –í —Ç–µ–∫—É—â
                 –µ–º —Ä–∞–∑–¥–µ–ª–µ –±—É–¥—É—Ç –ø—Ä–µ–¥—Å—Ç–∞–≤–ª–µ–Ω—ã –ø—...

You may provide a definition with
\DeclareUnicodeCharacter 


! LaTeX Error: Unicode character –µ (U+0435)
               not set up for use with LaTeX.

See the LaTeX manual or LaTeX Companion for explanation.
Type  H <return>  for immediate help.
 ...                                              
                                                  
l.2 –í —Ç–µ–∫—É—â–µ
                   –º —Ä–∞–∑–¥–µ–ª–µ –±—É–¥—É—Ç –ø—Ä–µ–¥—Å—Ç–∞–≤–ª–µ–Ω—ã –ø—...

You may provide a definition with
\DeclareUnicodeCharacter 


! LaTeX Error: Unicode character –º (U+043C)
               not set up for use with LaTeX.

See the LaTeX manual or LaTeX Companion for explanation.
Type  H <return>  for immediate help.
 ...                                              
                                                  
l.2 –í —Ç–µ–∫—É—â–µ–º
                      —Ä–∞–∑–¥–µ–ª–µ –±—É–¥—É—Ç –ø—Ä–µ–¥—Å—Ç–∞–≤–ª–µ–Ω—ã –ø—...

You may provide a definition with
\DeclareUnicodeCharacter 


! LaTeX Error: Unicode character —Ä (U+0440)
               not set up for use with LaTeX.

See the LaTeX manual or LaTeX Companion for explanation.
Type  H <return>  for immediate help.
 ...                                              
                                                  
l.2 –í —Ç–µ–∫—É—â–µ–º —Ä
                        –∞–∑–¥–µ–ª–µ –±—É–¥—É—Ç –ø—Ä–µ–¥—Å—Ç–∞–≤–ª–µ–Ω—ã –ø—...

You may provide a definition with
\DeclareUnicodeCharacter 


! LaTeX Error: Unicode character –∞ (U+0430)
               not set up for use with LaTeX.

See the LaTeX manual or LaTeX Companion for explanation.
Type  H <return>  for immediate help.
 ...                                              
                                                  
l.2 –í —Ç–µ–∫—É—â–µ–º —Ä–∞
                          –∑–¥–µ–ª–µ –±—É–¥—É—Ç –ø—Ä–µ–¥—Å—Ç–∞–≤–ª–µ–Ω—ã –ø—...

You may provide a definition with
\DeclareUnicodeCharacter 


! LaTeX Error: Unicode character –∑ (U+0437)
               not set up for use with LaTeX.

See the LaTeX manual or LaTeX Companion for explanation.
Type  H <return>  for immediate help.
 ...                                              
                                                  
l.2 –í —Ç–µ–∫—É—â–µ–º —Ä–∞–∑
                            –¥–µ–ª–µ –±—É–¥—É—Ç –ø—Ä–µ–¥—Å—Ç–∞–≤–ª–µ–Ω—ã –ø—...

You may provide a definition with
\DeclareUnicodeCharacter 


! LaTeX Error: Unicode character –¥ (U+0434)
               not set up for use with LaTeX.

See the LaTeX manual or LaTeX Companion for explanation.
Type  H <return>  for immediate help.
 ...                                              
                                                  
l.2 –í —Ç–µ–∫—É—â–µ–º —Ä–∞–∑–¥
                              –µ–ª–µ –±—É–¥—É—Ç –ø—Ä–µ–¥—Å—Ç–∞–≤–ª–µ–Ω—ã –ø—...

You may provide a definition with
\DeclareUnicodeCharacter 


! LaTeX Error: Unicode character –µ (U+0435)
               not set up for use with LaTeX.

See the LaTeX manual or LaTeX Companion for explanation.
Type  H <return>  for immediate help.
 ...                                              
                                                  
l.2 –í —Ç–µ–∫—É—â–µ–º —Ä–∞–∑–¥–µ
                                –ª–µ –±—É–¥—É—Ç –ø—Ä–µ–¥—Å—Ç–∞–≤–ª–µ–Ω—ã –ø—...

You may provide a definition with
\DeclareUnicodeCharacter 


! LaTeX Error: Unicode character –ª (U+043B)
               not set up for use with LaTeX.

See the LaTeX manual or LaTeX Companion for explanation.
Type  H <return>  for immediate help.
 ...                                              
                                                  
l.2 –í —Ç–µ–∫—É—â–µ–º —Ä–∞–∑–¥–µ–ª
                                  –µ –±—É–¥—É—Ç –ø—Ä–µ–¥—Å—Ç–∞–≤–ª–µ–Ω—ã –ø—...

You may provide a definition with
\DeclareUnicodeCharacter 


! LaTeX Error: Unicode character –µ (U+0435)
               not set up for use with LaTeX.

See the LaTeX manual or LaTeX Companion for explanation.
Type  H <return>  for immediate help.
 ...                                              
                                                  
l.2 –í —Ç–µ–∫—É—â–µ–º —Ä–∞–∑–¥–µ–ª–µ
                                     –±—É–¥—É—Ç –ø—Ä–µ–¥—Å—Ç–∞–≤–ª–µ–Ω—ã –ø—...

You may provide a definition with
\DeclareUnicodeCharacter 


! LaTeX Error: Unicode character –± (U+0431)
               not set up for use with LaTeX.

See the LaTeX manual or LaTeX Companion for explanation.
Type  H <return>  for immediate help.
 ...                                              
                                                  
l.2 –í —Ç–µ–∫—É—â–µ–º —Ä–∞–∑–¥–µ–ª–µ –±
                                       —É–¥—É—Ç –ø—Ä–µ–¥—Å—Ç–∞–≤–ª–µ–Ω—ã –ø—...

You may provide a definition with
\DeclareUnicodeCharacter 


! LaTeX Error: Unicode character —É (U+0443)
               not set up for use with LaTeX.

See the LaTeX manual or LaTeX Companion for explanation.
Type  H <return>  for immediate help.
 ...                                              
                                                  
l.2 –í —Ç–µ–∫—É—â–µ–º —Ä–∞–∑–¥–µ–ª–µ –±—É
                                         –¥—É—Ç –ø—Ä–µ–¥—Å—Ç–∞–≤–ª–µ–Ω—ã –ø—...

You may provide a definition with
\DeclareUnicodeCharacter 


! LaTeX Error: Unicode character –¥ (U+0434)
               not set up for use with LaTeX.

See the LaTeX manual or LaTeX Companion for explanation.
Type  H <return>  for immediate help.
 ...                                              
                                                  
l.2 –í —Ç–µ–∫—É—â–µ–º —Ä–∞–∑–¥–µ–ª–µ –±—É–¥
                                           —É—Ç –ø—Ä–µ–¥—Å—Ç–∞–≤–ª–µ–Ω—ã –ø—...

You may provide a definition with
\DeclareUnicodeCharacter 


! LaTeX Error: Unicode character —É (U+0443)
               not set up for use with LaTeX.

See the LaTeX manual or LaTeX Companion for explanation.
Type  H <return>  for immediate help.
 ...                                              
                                                  
l.2 –í —Ç–µ–∫—É—â–µ–º —Ä–∞–∑–¥–µ–ª–µ –±—É–¥—É
                                             —Ç –ø—Ä–µ–¥—Å—Ç–∞–≤–ª–µ–Ω—ã –ø—...

You may provide a definition with
\DeclareUnicodeCharacter 


! LaTeX Error: Unicode character —Ç (U+0442)
               not set up for use with LaTeX.

See the LaTeX manual or LaTeX Companion for explanation.
Type  H <return>  for immediate help.
 ...                                              
                                                  
l.2 –í —Ç–µ–∫—É—â–µ–º —Ä–∞–∑–¥–µ–ª–µ –±—É–¥—É—Ç
                                                –ø—Ä–µ–¥—Å—Ç–∞–≤–ª–µ–Ω—ã –ø—...

You may provide a definition with
\DeclareUnicodeCharacter 


! LaTeX Error: Unicode character –ø (U+043F)
               not set up for use with LaTeX.

See the LaTeX manual or LaTeX Companion for explanation.
Type  H <return>  for immediate help.
 ...                                              
                                                  
l.2 –í —Ç–µ–∫—É—â–µ–º —Ä–∞–∑–¥–µ–ª–µ –±—É–¥—É—Ç –ø
                                                  —Ä–µ–¥—Å—Ç–∞–≤–ª–µ–Ω—ã –ø—...

You may provide a definition with
\DeclareUnicodeCharacter 


! LaTeX Error: Unicode character —Ä (U+0440)
               not set up for use with LaTeX.

See the LaTeX manual or LaTeX Companion for explanation.
Type  H <return>  for immediate help.
 ...                                              
                                                  
l.2 ...–µ–∫—É—â–µ–º —Ä–∞–∑–¥–µ–ª–µ –±—É–¥—É—Ç –ø—Ä
                                                  –µ–¥—Å—Ç–∞–≤–ª–µ–Ω—ã –ø—Ä–...

You may provide a definition with
\DeclareUnicodeCharacter 


! LaTeX Error: Unicode character –µ (U+0435)
               not set up for use with LaTeX.

See the LaTeX manual or LaTeX Companion for explanation.
Type  H <return>  for immediate help.
 ...                                              
                                                  
l.2 ...–∫—É—â–µ–º —Ä–∞–∑–¥–µ–ª–µ –±—É–¥—É—Ç –ø—Ä–µ
                                                  –¥—Å—Ç–∞–≤–ª–µ–Ω—ã –ø—Ä–∏–...

You may provide a definition with
\DeclareUnicodeCharacter 


! LaTeX Error: Unicode character –¥ (U+0434)
               not set up for use with LaTeX.

See the LaTeX manual or LaTeX Companion for explanation.
Type  H <return>  for immediate help.
 ...                                              
                                                  
l.2 ...—É—â–µ–º —Ä–∞–∑–¥–µ–ª–µ –±—É–¥—É—Ç –ø—Ä–µ–¥
                                                  —Å—Ç–∞–≤–ª–µ–Ω—ã –ø—Ä–∏–º–...

You may provide a definition with
\DeclareUnicodeCharacter 


! LaTeX Error: Unicode character —Å (U+0441)
               not set up for use with LaTeX.

See the LaTeX manual or LaTeX Companion for explanation.
Type  H <return>  for immediate help.
 ...                                              
                                                  
l.2 ...—â–µ–º —Ä–∞–∑–¥–µ–ª–µ –±—É–¥—É—Ç –ø—Ä–µ–¥—Å
                                                  —Ç–∞–≤–ª–µ–Ω—ã –ø—Ä–∏–º–µ—...

You may provide a definition with
\DeclareUnicodeCharacter 


! LaTeX Error: Unicode character —Ç (U+0442)
               not set up for use with LaTeX.

See the LaTeX manual or LaTeX Companion for explanation.
Type  H <return>  for immediate help.
 ...                                              
                                                  
l.2 ...–µ–º —Ä–∞–∑–¥–µ–ª–µ –±—É–¥—É—Ç –ø—Ä–µ–¥—Å—Ç
                                                  –∞–≤–ª–µ–Ω—ã –ø—Ä–∏–º–µ—Ä—...

You may provide a definition with
\DeclareUnicodeCharacter 


! LaTeX Error: Unicode character –∞ (U+0430)
               not set up for use with LaTeX.

See the LaTeX manual or LaTeX Companion for explanation.
Type  H <return>  for immediate help.
 ...                                              
                                                  
l.2 ...–º —Ä–∞–∑–¥–µ–ª–µ –±—É–¥—É—Ç –ø—Ä–µ–¥—Å—Ç–∞
                                                  –≤–ª–µ–Ω—ã –ø—Ä–∏–º–µ—Ä—ã ...

You may provide a definition with
\DeclareUnicodeCharacter 


! LaTeX Error: Unicode character –≤ (U+0432)
               not set up for use with LaTeX.

See the LaTeX manual or LaTeX Companion for explanation.
Type  H <return>  for immediate help.
 ...                                              
                                                  
l.2 ... —Ä–∞–∑–¥–µ–ª–µ –±—É–¥—É—Ç –ø—Ä–µ–¥—Å—Ç–∞–≤
                                                  –ª–µ–Ω—ã –ø—Ä–∏–º–µ—Ä—ã —Ä...

You may provide a definition with
\DeclareUnicodeCharacter 


! LaTeX Error: Unicode character –ª (U+043B)
               not set up for use with LaTeX.

See the LaTeX manual or LaTeX Companion for explanation.
Type  H <return>  for immediate help.
 ...                                              
                                                  
l.2 ...Ä–∞–∑–¥–µ–ª–µ –±—É–¥—É—Ç –ø—Ä–µ–¥—Å—Ç–∞–≤–ª
                                                  –µ–Ω—ã –ø—Ä–∏–º–µ—Ä—ã —Ä–∞...

You may provide a definition with
\DeclareUnicodeCharacter 


! LaTeX Error: Unicode character –µ (U+0435)
               not set up for use with LaTeX.

See the LaTeX manual or LaTeX Companion for explanation.
Type  H <return>  for immediate help.
 ...                                              
                                                  
l.2 ...∞–∑–¥–µ–ª–µ –±—É–¥—É—Ç –ø—Ä–µ–¥—Å—Ç–∞–≤–ª–µ
                                                  –Ω—ã –ø—Ä–∏–º–µ—Ä—ã —Ä–∞–±...

You may provide a definition with
\DeclareUnicodeCharacter 


! LaTeX Error: Unicode character –Ω (U+043D)
               not set up for use with LaTeX.

See the LaTeX manual or LaTeX Companion for explanation.
Type  H <return>  for immediate help.
 ...                                              
                                                  
l.2 ...∑–¥–µ–ª–µ –±—É–¥—É—Ç –ø—Ä–µ–¥—Å—Ç–∞–≤–ª–µ–Ω
                                                  —ã –ø—Ä–∏–º–µ—Ä—ã —Ä–∞–±–æ...

You may provide a definition with
\DeclareUnicodeCharacter 


! LaTeX Error: Unicode character —ã (U+044B)
               not set up for use with LaTeX.

See the LaTeX manual or LaTeX Companion for explanation.
Type  H <return>  for immediate help.
 ...                                              
                                                  
l.2 ...¥–µ–ª–µ –±—É–¥—É—Ç –ø—Ä–µ–¥—Å—Ç–∞–≤–ª–µ–Ω—ã
                                                   –ø—Ä–∏–º–µ—Ä—ã —Ä–∞–±–æ—Ç...

You may provide a definition with
\DeclareUnicodeCharacter 


! LaTeX Error: Unicode character –ø (U+043F)
               not set up for use with LaTeX.

See the LaTeX manual or LaTeX Companion for explanation.
Type  H <return>  for immediate help.
 ...                                              
                                                  
l.2 ...–ª–µ –±—É–¥—É—Ç –ø—Ä–µ–¥—Å—Ç–∞–≤–ª–µ–Ω—ã –ø
                                                  —Ä–∏–º–µ—Ä—ã —Ä–∞–±–æ—Ç—ã ...

You may provide a definition with
\DeclareUnicodeCharacter 


! LaTeX Error: Unicode character —Ä (U+0440)
               not set up for use with LaTeX.

See the LaTeX manual or LaTeX Companion for explanation.
Type  H <return>  for immediate help.
 ...                                              
                                                  
l.2 ...–µ –±—É–¥—É—Ç –ø—Ä–µ–¥—Å—Ç–∞–≤–ª–µ–Ω—ã –ø—Ä
                                                  –∏–º–µ—Ä—ã —Ä–∞–±–æ—Ç—ã —Ä...

You may provide a definition with
\DeclareUnicodeCharacter 


! LaTeX Error: Unicode character –∏ (U+0438)
               not set up for use with LaTeX.

See the LaTeX manual or LaTeX Companion for explanation.
Type  H <return>  for immediate help.
 ...                                              
                                                  
l.2 ... –±—É–¥—É—Ç –ø—Ä–µ–¥—Å—Ç–∞–≤–ª–µ–Ω—ã –ø—Ä–∏
                                                  –º–µ—Ä—ã —Ä–∞–±–æ—Ç—ã —Ä–∞...

You may provide a definition with
\DeclareUnicodeCharacter 


! LaTeX Error: Unicode character –º (U+043C)
               not set up for use with LaTeX.

See the LaTeX manual or LaTeX Companion for explanation.
Type  H <return>  for immediate help.
 ...                                              
                                                  
l.2 ...±—É–¥—É—Ç –ø—Ä–µ–¥—Å—Ç–∞–≤–ª–µ–Ω—ã –ø—Ä–∏–º
                                                  –µ—Ä—ã —Ä–∞–±–æ—Ç—ã —Ä–∞–∑...

You may provide a definition with
\DeclareUnicodeCharacter 


! LaTeX Error: Unicode character –µ (U+0435)
               not set up for use with LaTeX.

See the LaTeX manual or LaTeX Companion for explanation.
Type  H <return>  for immediate help.
 ...                                              
                                                  
l.2 ...É–¥—É—Ç –ø—Ä–µ–¥—Å—Ç–∞–≤–ª–µ–Ω—ã –ø—Ä–∏–º–µ
                                                  —Ä—ã —Ä–∞–±–æ—Ç—ã —Ä–∞–∑—Ä...

You may provide a definition with
\DeclareUnicodeCharacter 


! LaTeX Error: Unicode character —Ä (U+0440)
               not set up for use with LaTeX.

See the LaTeX manual or LaTeX Companion for explanation.
Type  H <return>  for immediate help.
 ...                                              
                                                  
l.2 ...¥—É—Ç –ø—Ä–µ–¥—Å—Ç–∞–≤–ª–µ–Ω—ã –ø—Ä–∏–º–µ—Ä
                                                  —ã —Ä–∞–±–æ—Ç—ã —Ä–∞–∑—Ä–∞...

You may provide a definition with
\DeclareUnicodeCharacter 


! LaTeX Error: Unicode character —ã (U+044B)
               not set up for use with LaTeX.

See the LaTeX manual or LaTeX Companion for explanation.
Type  H <return>  for immediate help.
 ...                                              
                                                  
l.2 ...É—Ç –ø—Ä–µ–¥—Å—Ç–∞–≤–ª–µ–Ω—ã –ø—Ä–∏–º–µ—Ä—ã
                                                   —Ä–∞–±–æ—Ç—ã —Ä–∞–∑—Ä–∞–±...

You may provide a definition with
\DeclareUnicodeCharacter 


! LaTeX Error: Unicode character —Ä (U+0440)
               not set up for use with LaTeX.

See the LaTeX manual or LaTeX Companion for explanation.
Type  H <return>  for immediate help.
 ...                                              
                                                  
l.2 ... –ø—Ä–µ–¥—Å—Ç–∞–≤–ª–µ–Ω—ã –ø—Ä–∏–º–µ—Ä—ã —Ä
                                                  –∞–±–æ—Ç—ã —Ä–∞–∑—Ä–∞–±–æ—...

You may provide a definition with
\DeclareUnicodeCharacter 


! LaTeX Error: Unicode character –∞ (U+0430)
               not set up for use with LaTeX.

See the LaTeX manual or LaTeX Companion for explanation.
Type  H <return>  for immediate help.
 ...                                              
                                                  
l.2 ...ø—Ä–µ–¥—Å—Ç–∞–≤–ª–µ–Ω—ã –ø—Ä–∏–º–µ—Ä—ã —Ä–∞
                                                  –±–æ—Ç—ã —Ä–∞–∑—Ä–∞–±–æ—Ç–...

You may provide a definition with
\DeclareUnicodeCharacter 


! LaTeX Error: Unicode character –± (U+0431)
               not set up for use with LaTeX.

See the LaTeX manual or LaTeX Companion for explanation.
Type  H <return>  for immediate help.
 ...                                              
                                                  
l.2 ...Ä–µ–¥—Å—Ç–∞–≤–ª–µ–Ω—ã –ø—Ä–∏–º–µ—Ä—ã —Ä–∞–±
                                                  –æ—Ç—ã —Ä–∞–∑—Ä–∞–±–æ—Ç–∞–...

You may provide a definition with
\DeclareUnicodeCharacter 


! LaTeX Error: Unicode character –æ (U+043E)
               not set up for use with LaTeX.

See the LaTeX manual or LaTeX Companion for explanation.
Type  H <return>  for immediate help.
 ...                                              
                                                  
l.2 ...µ–¥—Å—Ç–∞–≤–ª–µ–Ω—ã –ø—Ä–∏–º–µ—Ä—ã —Ä–∞–±–æ
                                                  —Ç—ã —Ä–∞–∑—Ä–∞–±–æ—Ç–∞–Ω–...

You may provide a definition with
\DeclareUnicodeCharacter 


! LaTeX Error: Unicode character —Ç (U+0442)
               not set up for use with LaTeX.

See the LaTeX manual or LaTeX Companion for explanation.
Type  H <return>  for immediate help.
 ...                                              
                                                  
l.2 ...¥—Å—Ç–∞–≤–ª–µ–Ω—ã –ø—Ä–∏–º–µ—Ä—ã —Ä–∞–±–æ—Ç
                                                  —ã —Ä–∞–∑—Ä–∞–±–æ—Ç–∞–Ω–Ω–...

You may provide a definition with
\DeclareUnicodeCharacter 


! LaTeX Error: Unicode character —ã (U+044B)
               not set up for use with LaTeX.

See the LaTeX manual or LaTeX Companion for explanation.
Type  H <return>  for immediate help.
 ...                                              
                                                  
l.2 ...Å—Ç–∞–≤–ª–µ–Ω—ã –ø—Ä–∏–º–µ—Ä—ã —Ä–∞–±–æ—Ç—ã
                                                   —Ä–∞–∑—Ä–∞–±–æ—Ç–∞–Ω–Ω–æ–...

You may provide a definition with
\DeclareUnicodeCharacter 


! LaTeX Error: Unicode character —Ä (U+0440)
               not set up for use with LaTeX.

See the LaTeX manual or LaTeX Companion for explanation.
Type  H <return>  for immediate help.
 ...                                              
                                                  
l.2 ...–∞–≤–ª–µ–Ω—ã –ø—Ä–∏–º–µ—Ä—ã —Ä–∞–±–æ—Ç—ã —Ä
                                                  –∞–∑—Ä–∞–±–æ—Ç–∞–Ω–Ω–æ–≥–æ...

You may provide a definition with
\DeclareUnicodeCharacter 


! LaTeX Error: Unicode character –∞ (U+0430)
               not set up for use with LaTeX.

See the LaTeX manual or LaTeX Companion for explanation.
Type  H <return>  for immediate help.
 ...                                              
                                                  
l.2 ...–≤–ª–µ–Ω—ã –ø—Ä–∏–º–µ—Ä—ã —Ä–∞–±–æ—Ç—ã —Ä–∞
                                                  –∑—Ä–∞–±–æ—Ç–∞–Ω–Ω–æ–≥–æ –...

You may provide a definition with
\DeclareUnicodeCharacter 


! LaTeX Error: Unicode character –∑ (U+0437)
               not set up for use with LaTeX.

See the LaTeX manual or LaTeX Companion for explanation.
Type  H <return>  for immediate help.
 ...                                              
                                                  
l.2 ...–ª–µ–Ω—ã –ø—Ä–∏–º–µ—Ä—ã —Ä–∞–±–æ—Ç—ã —Ä–∞–∑
                                                  —Ä–∞–±–æ—Ç–∞–Ω–Ω–æ–≥–æ –ø—...

You may provide a definition with
\DeclareUnicodeCharacter 


! LaTeX Error: Unicode character —Ä (U+0440)
               not set up for use with LaTeX.

See the LaTeX manual or LaTeX Companion for explanation.
Type  H <return>  for immediate help.
 ...                                              
                                                  
l.2 ...–µ–Ω—ã –ø—Ä–∏–º–µ—Ä—ã —Ä–∞–±–æ—Ç—ã —Ä–∞–∑—Ä
                                                  –∞–±–æ—Ç–∞–Ω–Ω–æ–≥–æ –ø—Ä–...

You may provide a definition with
\DeclareUnicodeCharacter 


! LaTeX Error: Unicode character –∞ (U+0430)
               not set up for use with LaTeX.

See the LaTeX manual or LaTeX Companion for explanation.
Type  H <return>  for immediate help.
 ...                                              
                                                  
l.2 ...–Ω—ã –ø—Ä–∏–º–µ—Ä—ã —Ä–∞–±–æ—Ç—ã —Ä–∞–∑—Ä–∞
                                                  –±–æ—Ç–∞–Ω–Ω–æ–≥–æ –ø—Ä–æ–...

You may provide a definition with
\DeclareUnicodeCharacter 


! LaTeX Error: Unicode character –± (U+0431)
               not set up for use with LaTeX.

See the LaTeX manual or LaTeX Companion for explanation.
Type  H <return>  for immediate help.
 ...                                              
                                                  
l.2 ...—ã –ø—Ä–∏–º–µ—Ä—ã —Ä–∞–±–æ—Ç—ã —Ä–∞–∑—Ä–∞–±
                                                  –æ—Ç–∞–Ω–Ω–æ–≥–æ –ø—Ä–æ–≥—...

You may provide a definition with
\DeclareUnicodeCharacter 


! LaTeX Error: Unicode character –æ (U+043E)
               not set up for use with LaTeX.

See the LaTeX manual or LaTeX Companion for explanation.
Type  H <return>  for immediate help.
 ...                                              
                                                  
l.2 ... –ø—Ä–∏–º–µ—Ä—ã —Ä–∞–±–æ—Ç—ã —Ä–∞–∑—Ä–∞–±–æ
                                                  —Ç–∞–Ω–Ω–æ–≥–æ –ø—Ä–æ–≥—Ä–...

You may provide a definition with
\DeclareUnicodeCharacter 


! LaTeX Error: Unicode character —Ç (U+0442)
               not set up for use with LaTeX.

See the LaTeX manual or LaTeX Companion for explanation.
Type  H <return>  for immediate help.
 ...                                              
                                                  
l.2 ...ø—Ä–∏–º–µ—Ä—ã —Ä–∞–±–æ—Ç—ã —Ä–∞–∑—Ä–∞–±–æ—Ç
                                                  –∞–Ω–Ω–æ–≥–æ –ø—Ä–æ–≥—Ä–∞–...

You may provide a definition with
\DeclareUnicodeCharacter 


! LaTeX Error: Unicode character –∞ (U+0430)
               not set up for use with LaTeX.

See the LaTeX manual or LaTeX Companion for explanation.
Type  H <return>  for immediate help.
 ...                                              
                                                  
l.2 ...Ä–∏–º–µ—Ä—ã —Ä–∞–±–æ—Ç—ã —Ä–∞–∑—Ä–∞–±–æ—Ç–∞
                                                  –Ω–Ω–æ–≥–æ –ø—Ä–æ–≥—Ä–∞–º–...

You may provide a definition with
\DeclareUnicodeCharacter 


! LaTeX Error: Unicode character –Ω (U+043D)
               not set up for use with LaTeX.

See the LaTeX manual or LaTeX Companion for explanation.
Type  H <return>  for immediate help.
 ...                                              
                                                  
l.2 ...∏–º–µ—Ä—ã —Ä–∞–±–æ—Ç—ã —Ä–∞–∑—Ä–∞–±–æ—Ç–∞–Ω
                                                  –Ω–æ–≥–æ –ø—Ä–æ–≥—Ä–∞–º–º–...

You may provide a definition with
\DeclareUnicodeCharacter 


! LaTeX Error: Unicode character –Ω (U+043D)
               not set up for use with LaTeX.

See the LaTeX manual or LaTeX Companion for explanation.
Type  H <return>  for immediate help.
 ...                                              
                                                  
l.2 ...º–µ—Ä—ã —Ä–∞–±–æ—Ç—ã —Ä–∞–∑—Ä–∞–±–æ—Ç–∞–Ω–Ω
                                                  –æ–≥–æ –ø—Ä–æ–≥—Ä–∞–º–º–Ω–...

You may provide a definition with
\DeclareUnicodeCharacter 


! LaTeX Error: Unicode character –æ (U+043E)
               not set up for use with LaTeX.

See the LaTeX manual or LaTeX Companion for explanation.
Type  H <return>  for immediate help.
 ...                                              
                                                  
l.2 ...µ—Ä—ã —Ä–∞–±–æ—Ç—ã —Ä–∞–∑—Ä–∞–±–æ—Ç–∞–Ω–Ω–æ
                                                  –≥–æ –ø—Ä–æ–≥—Ä–∞–º–º–Ω–æ–...

You may provide a definition with
\DeclareUnicodeCharacter 


! LaTeX Error: Unicode character –≥ (U+0433)
               not set up for use with LaTeX.

See the LaTeX manual or LaTeX Companion for explanation.
Type  H <return>  for immediate help.
 ...                                              
                                                  
l.2 ...Ä—ã —Ä–∞–±–æ—Ç—ã —Ä–∞–∑—Ä–∞–±–æ—Ç–∞–Ω–Ω–æ–≥
                                                  –æ –ø—Ä–æ–≥—Ä–∞–º–º–Ω–æ–≥–...

You may provide a definition with
\DeclareUnicodeCharacter 


! LaTeX Error: Unicode character –æ (U+043E)
               not set up for use with LaTeX.

See the LaTeX manual or LaTeX Companion for explanation.
Type  H <return>  for immediate help.
 ...                                              
                                                  
l.2 ...ã —Ä–∞–±–æ—Ç—ã —Ä–∞–∑—Ä–∞–±–æ—Ç–∞–Ω–Ω–æ–≥–æ
                                                   –ø—Ä–æ–≥—Ä–∞–º–º–Ω–æ–≥–æ ...

You may provide a definition with
\DeclareUnicodeCharacter 


! LaTeX Error: Unicode character –ø (U+043F)
               not set up for use with LaTeX.

See the LaTeX manual or LaTeX Companion for explanation.
Type  H <return>  for immediate help.
 ...                                              
                                                  
l.2 ...Ä–∞–±–æ—Ç—ã —Ä–∞–∑—Ä–∞–±–æ—Ç–∞–Ω–Ω–æ–≥–æ –ø
                                                  —Ä–æ–≥—Ä–∞–º–º–Ω–æ–≥–æ –æ–...

You may provide a definition with
\DeclareUnicodeCharacter 


! LaTeX Error: Unicode character —Ä (U+0440)
               not set up for use with LaTeX.

See the LaTeX manual or LaTeX Companion for explanation.
Type  H <return>  for immediate help.
 ...                                              
                                                  
l.2 ...∞–±–æ—Ç—ã —Ä–∞–∑—Ä–∞–±–æ—Ç–∞–Ω–Ω–æ–≥–æ –ø—Ä
                                                  –æ–≥—Ä–∞–º–º–Ω–æ–≥–æ –æ–±–...

You may provide a definition with
\DeclareUnicodeCharacter 


! LaTeX Error: Unicode character –æ (U+043E)
               not set up for use with LaTeX.

See the LaTeX manual or LaTeX Companion for explanation.
Type  H <return>  for immediate help.
 ...                                              
                                                  
l.2 ...±–æ—Ç—ã —Ä–∞–∑—Ä–∞–±–æ—Ç–∞–Ω–Ω–æ–≥–æ –ø—Ä–æ
                                                  –≥—Ä–∞–º–º–Ω–æ–≥–æ –æ–±–µ—...

You may provide a definition with
\DeclareUnicodeCharacter 


! LaTeX Error: Unicode character –≥ (U+0433)
               not set up for use with LaTeX.

See the LaTeX manual or LaTeX Companion for explanation.
Type  H <return>  for immediate help.
 ...                                              
                                                  
l.2 ...æ—Ç—ã —Ä–∞–∑—Ä–∞–±–æ—Ç–∞–Ω–Ω–æ–≥–æ –ø—Ä–æ–≥
                                                  —Ä–∞–º–º–Ω–æ–≥–æ –æ–±–µ—Å–...

You may provide a definition with
\DeclareUnicodeCharacter 


! LaTeX Error: Unicode character —Ä (U+0440)
               not set up for use with LaTeX.

See the LaTeX manual or LaTeX Companion for explanation.
Type  H <return>  for immediate help.
 ...                                              
                                                  
l.2 ...Ç—ã —Ä–∞–∑—Ä–∞–±–æ—Ç–∞–Ω–Ω–æ–≥–æ –ø—Ä–æ–≥—Ä
                                                  –∞–º–º–Ω–æ–≥–æ –æ–±–µ—Å–ø–...

You may provide a definition with
\DeclareUnicodeCharacter 


! LaTeX Error: Unicode character –∞ (U+0430)
               not set up for use with LaTeX.

See the LaTeX manual or LaTeX Companion for explanation.
Type  H <return>  for immediate help.
 ...                                              
                                                  
l.2 ...ã —Ä–∞–∑—Ä–∞–±–æ—Ç–∞–Ω–Ω–æ–≥–æ –ø—Ä–æ–≥—Ä–∞
                                                  –º–º–Ω–æ–≥–æ –æ–±–µ—Å–ø–µ—...

You may provide a definition with
\DeclareUnicodeCharacter 


! LaTeX Error: Unicode character –º (U+043C)
               not set up for use with LaTeX.

See the LaTeX manual or LaTeX Companion for explanation.
Type  H <return>  for immediate help.
 ...                                              
                                                  
l.2 ...—Ä–∞–∑—Ä–∞–±–æ—Ç–∞–Ω–Ω–æ–≥–æ –ø—Ä–æ–≥—Ä–∞–º
                                                  –º–Ω–æ–≥–æ –æ–±–µ—Å–ø–µ—á–...

You may provide a definition with
\DeclareUnicodeCharacter 


! LaTeX Error: Unicode character –º (U+043C)
               not set up for use with LaTeX.

See the LaTeX manual or LaTeX Companion for explanation.
Type  H <return>  for immediate help.
 ...                                              
                                                  
l.2 ...–∞–∑—Ä–∞–±–æ—Ç–∞–Ω–Ω–æ–≥–æ –ø—Ä–æ–≥—Ä–∞–º–º
                                                  –Ω–æ–≥–æ –æ–±–µ—Å–ø–µ—á–µ–...

You may provide a definition with
\DeclareUnicodeCharacter 


! LaTeX Error: Unicode character –Ω (U+043D)
               not set up for use with LaTeX.

See the LaTeX manual or LaTeX Companion for explanation.
Type  H <return>  for immediate help.
 ...                                              
                                                  
l.2 ...–∑—Ä–∞–±–æ—Ç–∞–Ω–Ω–æ–≥–æ –ø—Ä–æ–≥—Ä–∞–º–º–Ω
                                                  –æ–≥–æ –æ–±–µ—Å–ø–µ—á–µ–Ω–...

You may provide a definition with
\DeclareUnicodeCharacter 


! LaTeX Error: Unicode character –æ (U+043E)
               not set up for use with LaTeX.

See the LaTeX manual or LaTeX Companion for explanation.
Type  H <return>  for immediate help.
 ...                                              
                                                  
l.2 ...—Ä–∞–±–æ—Ç–∞–Ω–Ω–æ–≥–æ –ø—Ä–æ–≥—Ä–∞–º–º–Ω–æ
                                                  –≥–æ –æ–±–µ—Å–ø–µ—á–µ–Ω–∏—...

You may provide a definition with
\DeclareUnicodeCharacter 


! LaTeX Error: Unicode character –≥ (U+0433)
               not set up for use with LaTeX.

See the LaTeX manual or LaTeX Companion for explanation.
Type  H <return>  for immediate help.
 ...                                              
                                                  
l.2 ...–∞–±–æ—Ç–∞–Ω–Ω–æ–≥–æ –ø—Ä–æ–≥—Ä–∞–º–º–Ω–æ–≥
                                                  –æ –æ–±–µ—Å–ø–µ—á–µ–Ω–∏—è,...

You may provide a definition with
\DeclareUnicodeCharacter 


! LaTeX Error: Unicode character –æ (U+043E)
               not set up for use with LaTeX.

See the LaTeX manual or LaTeX Companion for explanation.
Type  H <return>  for immediate help.
 ...                                              
                                                  
l.2 ...–±–æ—Ç–∞–Ω–Ω–æ–≥–æ –ø—Ä–æ–≥—Ä–∞–º–º–Ω–æ–≥–æ
                                                   –æ–±–µ—Å–ø–µ—á–µ–Ω–∏—è, –...

You may provide a definition with
\DeclareUnicodeCharacter 


! LaTeX Error: Unicode character –æ (U+043E)
               not set up for use with LaTeX.

See the LaTeX manual or LaTeX Companion for explanation.
Type  H <return>  for immediate help.
 ...                                              
                                                  
l.2 ...æ—Ç–∞–Ω–Ω–æ–≥–æ –ø—Ä–æ–≥—Ä–∞–º–º–Ω–æ–≥–æ –æ
                                                  –±–µ—Å–ø–µ—á–µ–Ω–∏—è, –ø–æ...

You may provide a definition with
\DeclareUnicodeCharacter 


! LaTeX Error: Unicode character –± (U+0431)
               not set up for use with LaTeX.

See the LaTeX manual or LaTeX Companion for explanation.
Type  H <return>  for immediate help.
 ...                                              
                                                  
l.2 ...Ç–∞–Ω–Ω–æ–≥–æ –ø—Ä–æ–≥—Ä–∞–º–º–Ω–æ–≥–æ –æ–±
                                                  –µ—Å–ø–µ—á–µ–Ω–∏—è, –ø–æ—Å...

You may provide a definition with
\DeclareUnicodeCharacter 


! LaTeX Error: Unicode character –µ (U+0435)
               not set up for use with LaTeX.

See the LaTeX manual or LaTeX Companion for explanation.
Type  H <return>  for immediate help.
 ...                                              
                                                  
l.2 ...∞–Ω–Ω–æ–≥–æ –ø—Ä–æ–≥—Ä–∞–º–º–Ω–æ–≥–æ –æ–±–µ
                                                  —Å–ø–µ—á–µ–Ω–∏—è, –ø–æ—Å—Ç...

You may provide a definition with
\DeclareUnicodeCharacter 


! LaTeX Error: Unicode character —Å (U+0441)
               not set up for use with LaTeX.

See the LaTeX manual or LaTeX Companion for explanation.
Type  H <return>  for immediate help.
 ...                                              
                                                  
l.2 ...Ω–Ω–æ–≥–æ –ø—Ä–æ–≥—Ä–∞–º–º–Ω–æ–≥–æ –æ–±–µ—Å
                                                  –ø–µ—á–µ–Ω–∏—è, –ø–æ—Å—Ç–∞...

You may provide a definition with
\DeclareUnicodeCharacter 


! LaTeX Error: Unicode character –ø (U+043F)
               not set up for use with LaTeX.

See the LaTeX manual or LaTeX Companion for explanation.
Type  H <return>  for immediate help.
 ...                                              
                                                  
l.2 ...Ω–æ–≥–æ –ø—Ä–æ–≥—Ä–∞–º–º–Ω–æ–≥–æ –æ–±–µ—Å–ø
                                                  –µ—á–µ–Ω–∏—è, –ø–æ—Å—Ç–∞–Ω...

You may provide a definition with
\DeclareUnicodeCharacter 


! LaTeX Error: Unicode character –µ (U+0435)
               not set up for use with LaTeX.

See the LaTeX manual or LaTeX Companion for explanation.
Type  H <return>  for immediate help.
 ...                                              
                                                  
l.2 ...æ–≥–æ –ø—Ä–æ–≥—Ä–∞–º–º–Ω–æ–≥–æ –æ–±–µ—Å–ø–µ
                                                  —á–µ–Ω–∏—è, –ø–æ—Å—Ç–∞–Ω–æ...
(That makes 100 errors; please try again.) 
Here is how much of TeX's memory you used:
 42 strings out of 476468
 707 string characters out of 5819374
 336485 words of memory out of 5000000
 21307 multiletter control sequences out of 15000+600000
 469259 words of font info for 28 fonts, out of 8000000 for 9000
 452 hyphenation exceptions out of 8191
 13i,0n,12p,336b,29s stack positions out of 10000i,1000n,20000p,200000b,200000s

!  ==> Fatal error occurred, no output PDF file produced!
